"../../../../../../LocalUnrealProjects/repos/2DGame/TwoDGame/Content/Sprites/Textures/RedSquare.uasset" 0
"../../../../../../LocalUnrealProjects/repos/2DGame/TwoDGame/Content/Sprites/RedSquareIdle.uasset" 1
"../../../../../../LocalUnrealProjects/repos/2DGame/TwoDGame/Content/Sprites/FlipBooks/RedSquareIdleFlip.uasset" 2
"../../../Engine/Content/EditorBlueprintResources/StandardMacros.uasset" 3
"../../../../../../LocalUnrealProjects/repos/2DGame/TwoDGame/Content/Blueprints/AI/MoveToPlayer.uasset" 4
"../../../../../../LocalUnrealProjects/repos/2DGame/TwoDGame/Content/Blueprints/AI/BB_Basic.uasset" 5
"../../../../../../LocalUnrealProjects/repos/2DGame/TwoDGame/Content/Blueprints/GameBPs/InteractionInterface.uasset" 6
"../../../../../../LocalUnrealProjects/repos/2DGame/TwoDGame/Content/Blueprints/Components/Health.uasset" 7
"../../../../../../LocalUnrealProjects/repos/2DGame/TwoDGame/Content/StarterContent/Textures/T_Smoke_Tiled_D.uasset" 8
"../../../../../../LocalUnrealProjects/repos/2DGame/TwoDGame/Content/StarterContent/Textures/T_Smoke_SubUV.uasset" 9
"../../../../../../LocalUnrealProjects/repos/2DGame/TwoDGame/Content/StarterContent/Particles/Materials/M_smoke_subUV.uasset" 10
"../../../Engine/Content/Functions/Engine_MaterialFunctions01/Gradient/RadialGradient.uasset" 11
"../../../../../../LocalUnrealProjects/repos/2DGame/TwoDGame/Content/StarterContent/Particles/Materials/M_radial_ramp.uasset" 12
"../../../../../../LocalUnrealProjects/repos/2DGame/TwoDGame/Content/StarterContent/Particles/Materials/m_flare_01.uasset" 13
"../../../../../../LocalUnrealProjects/repos/2DGame/TwoDGame/Content/StarterContent/Textures/T_Explosion_SubUV.uasset" 14
"../../../../../../LocalUnrealProjects/repos/2DGame/TwoDGame/Content/StarterContent/Particles/Materials/M_explosion_subUV.uasset" 15
"../../../../../../LocalUnrealProjects/repos/2DGame/TwoDGame/Content/StarterContent/Textures/T_Burst_M.uasset" 16
"../../../../../../LocalUnrealProjects/repos/2DGame/TwoDGame/Content/StarterContent/Particles/Materials/M_Burst.uasset" 17
"../../../../../../LocalUnrealProjects/repos/2DGame/TwoDGame/Content/StarterContent/Particles/P_Explosion.uasset" 18
"../../../../../../LocalUnrealProjects/repos/2DGame/TwoDGame/Content/Sprites/Textures/BlueSquare.uasset" 19
"../../../../../../LocalUnrealProjects/repos/2DGame/TwoDGame/Content/Sprites/BlueSquareIdle.uasset" 20
"../../../../../../LocalUnrealProjects/repos/2DGame/TwoDGame/Content/Sprites/FlipBooks/BlueSquareIdleFlip.uasset" 21
"../../../../../../LocalUnrealProjects/repos/2DGame/TwoDGame/Content/Sounds/Jump.uasset" 22
"../../../../../../LocalUnrealProjects/repos/2DGame/TwoDGame/Content/Sounds/Jump_Cue.uasset" 23
"../../../../../../LocalUnrealProjects/repos/2DGame/TwoDGame/Content/Sounds/hitplayer.uasset" 24
"../../../../../../LocalUnrealProjects/repos/2DGame/TwoDGame/Content/Sounds/hit2.uasset" 25
"../../../../../../LocalUnrealProjects/repos/2DGame/TwoDGame/Content/Sounds/hit_cue.uasset" 26
"../../../../../../LocalUnrealProjects/repos/2DGame/TwoDGame/Content/Sounds/lasershoot.uasset" 27
"../../../../../../LocalUnrealProjects/repos/2DGame/TwoDGame/Content/Sounds/charge_Cue.uasset" 28
"../../../../../../LocalUnrealProjects/repos/2DGame/TwoDGame/Content/Blueprints/Widgets/HealthProgressBar.uasset" 29
"../../../../../../LocalUnrealProjects/repos/2DGame/TwoDGame/Content/Sprites/Textures/EnergyBolt/Energybolt0005.uasset" 30
"../../../../../../LocalUnrealProjects/repos/2DGame/TwoDGame/Content/Sprites/Energybolt0005_Sprite.uasset" 31
"../../../../../../LocalUnrealProjects/repos/2DGame/TwoDGame/Content/Sprites/Textures/EnergyBolt/Energybolt0004.uasset" 32
"../../../../../../LocalUnrealProjects/repos/2DGame/TwoDGame/Content/Sprites/Energybolt0004_Sprite.uasset" 33
"../../../../../../LocalUnrealProjects/repos/2DGame/TwoDGame/Content/Sprites/Textures/EnergyBolt/Energybolt0003.uasset" 34
"../../../../../../LocalUnrealProjects/repos/2DGame/TwoDGame/Content/Sprites/Energybolt0003_Sprite.uasset" 35
"../../../../../../LocalUnrealProjects/repos/2DGame/TwoDGame/Content/Sprites/Textures/EnergyBolt/Energybolt0002.uasset" 36
"../../../../../../LocalUnrealProjects/repos/2DGame/TwoDGame/Content/Sprites/Energybolt0002_Sprite.uasset" 37
"../../../../../../LocalUnrealProjects/repos/2DGame/TwoDGame/Content/Sprites/Textures/EnergyBolt/Energybolt0001.uasset" 38
"../../../../../../LocalUnrealProjects/repos/2DGame/TwoDGame/Content/Sprites/Energybolt0001_Sprite.uasset" 39
"../../../../../../LocalUnrealProjects/repos/2DGame/TwoDGame/Content/Sprites/Textures/EnergyBolt/Energybolt0000.uasset" 40
"../../../../../../LocalUnrealProjects/repos/2DGame/TwoDGame/Content/Sprites/Energybolt0000_Sprite.uasset" 41
"../../../../../../LocalUnrealProjects/repos/2DGame/TwoDGame/Content/Sprites/FlipBooks/EnergyBoltIdle.uasset" 42
"../../../../../../LocalUnrealProjects/repos/2DGame/TwoDGame/Content/Sounds/lasershoot_Cue.uasset" 43
"../../../../../../LocalUnrealProjects/repos/2DGame/TwoDGame/Content/Blueprints/Actors/Projectiles/BaseProjectile.uasset" 44
"../../../../../../LocalUnrealProjects/repos/2DGame/TwoDGame/Content/Blueprints/Actors/Projectiles/PlayerProjectile.uasset" 45
"../../../../../../LocalUnrealProjects/repos/2DGame/TwoDGame/Content/Sounds/Music/Timecrawler_82_-_Infinity.uasset" 46
"../../../../../../LocalUnrealProjects/repos/2DGame/TwoDGame/Content/Sounds/Music/Timecrawler.uasset" 47
"../../../../../../LocalUnrealProjects/repos/2DGame/TwoDGame/Content/Blueprints/Widgets/ChargeWidget.uasset" 48
"../../../../../../LocalUnrealProjects/repos/2DGame/TwoDGame/Content/Blueprints/Widgets/ScoreHolder.uasset" 49
"../../../../../../LocalUnrealProjects/repos/2DGame/TwoDGame/Content/Blueprints/Widgets/Health.uasset" 50
"../../../../../../LocalUnrealProjects/repos/2DGame/TwoDGame/Content/Blueprints/Widgets/GamestageDisplay.uasset" 51
"../../../../../../LocalUnrealProjects/repos/2DGame/TwoDGame/Content/Blueprints/Widgets/PlayerHUDWidget.uasset" 52
"../../../../../../LocalUnrealProjects/repos/2DGame/TwoDGame/Content/Blueprints/Widgets/PlayerHUD.uasset" 53
"../../../../../../LocalUnrealProjects/repos/2DGame/TwoDGame/Content/Blueprints/Actors/Controllers/TwoDGamePlayerController.uasset" 54
"../../../../../../LocalUnrealProjects/repos/2DGame/TwoDGame/Content/StarterContent/Particles/Materials/M_Radial_Gradient.uasset" 55
"../../../../../../LocalUnrealProjects/repos/2DGame/TwoDGame/Content/StarterContent/Textures/T_Water_N.uasset" 56
"../../../../../../LocalUnrealProjects/repos/2DGame/TwoDGame/Content/StarterContent/Particles/Materials/M_Heat_Distortion.uasset" 57
"../../../../../../LocalUnrealProjects/repos/2DGame/TwoDGame/Content/StarterContent/Textures/T_Fire_Tiled_D.uasset" 58
"../../../../../../LocalUnrealProjects/repos/2DGame/TwoDGame/Content/StarterContent/Textures/T_Fire_SubUV.uasset" 59
"../../../../../../LocalUnrealProjects/repos/2DGame/TwoDGame/Content/StarterContent/Particles/Materials/M_Fire_SubUV.uasset" 60
"../../../../../../LocalUnrealProjects/repos/2DGame/TwoDGame/Content/StarterContent/Particles/P_Fire.uasset" 61
"../../../../../../LocalUnrealProjects/repos/2DGame/TwoDGame/Content/Sounds/EnemySpawn2.uasset" 62
"../../../../../../LocalUnrealProjects/repos/2DGame/TwoDGame/Content/Sounds/EnemySpawn2_Cue.uasset" 63
"../../../../../../LocalUnrealProjects/repos/2DGame/TwoDGame/Content/Blueprints/Actors/Pawns/RedSqaure.uasset" 64
"../../../../../../LocalUnrealProjects/repos/2DGame/TwoDGame/Content/Blueprints/Actors/AISpawnLocation.uasset" 65
"../../../../../../LocalUnrealProjects/repos/2DGame/TwoDGame/Content/2DSideScrollerBP/Blueprints/2DSideScrollerGameMode.uasset" 66
"../../../../../../LocalUnrealProjects/repos/2DGame/TwoDGame/Content/2DSideScrollerBP/Blueprints/2DSideScrollerCharacter.uasset" 67
"../../../../../../LocalUnrealProjects/repos/2DGame/TwoDGame/Content/Blueprints/AI/AttackPlayer.uasset" 68
"../../../../../../LocalUnrealProjects/repos/2DGame/TwoDGame/Content/Blueprints/AI/BT_Basic.uasset" 69
"../../../../../../LocalUnrealProjects/repos/2DGame/TwoDGame/Content/Blueprints/Actors/Controllers/EnemyAIController.uasset" 70
"../../../../../../LocalUnrealProjects/repos/2DGame/TwoDGame/Content/Blueprints/Actors/Pawns/BaseEnemy.uasset" 71
"../../../../../../LocalUnrealProjects/repos/2DGame/TwoDGame/Content/EnemySpawnZone.uasset" 72
"../../../../../../LocalUnrealProjects/repos/2DGame/TwoDGame/Content/2DSideScroller/Textures/2DCharacter_IdleAnimAtlas.uasset" 73
"../../../../../../LocalUnrealProjects/repos/2DGame/TwoDGame/Content/2DSideScroller/Sprites/IdleFrames/IdleCycle8.uasset" 74
"../../../../../../LocalUnrealProjects/repos/2DGame/TwoDGame/Content/2DSideScroller/Sprites/IdleFrames/IdleCycle7.uasset" 75
"../../../../../../LocalUnrealProjects/repos/2DGame/TwoDGame/Content/2DSideScroller/Sprites/IdleFrames/IdleCycle6.uasset" 76
"../../../../../../LocalUnrealProjects/repos/2DGame/TwoDGame/Content/2DSideScroller/Sprites/IdleFrames/IdleCycle5.uasset" 77
"../../../../../../LocalUnrealProjects/repos/2DGame/TwoDGame/Content/2DSideScroller/Sprites/IdleFrames/IdleCycle2.uasset" 78
"../../../../../../LocalUnrealProjects/repos/2DGame/TwoDGame/Content/2DSideScroller/Sprites/IdleFrames/IdleCycle3.uasset" 79
"../../../../../../LocalUnrealProjects/repos/2DGame/TwoDGame/Content/2DSideScroller/Sprites/IdleFrames/IdleCycle4.uasset" 80
"../../../../../../LocalUnrealProjects/repos/2DGame/TwoDGame/Content/2DSideScroller/Sprites/IdleFrames/IdleCycle1.uasset" 81
"../../../../../../LocalUnrealProjects/repos/2DGame/TwoDGame/Content/2DSideScroller/Sprites/IdleAnimation.uasset" 82
"../../../../../../LocalUnrealProjects/repos/2DGame/TwoDGame/Content/2dSideScroller/Textures/2DBackgroundTile.uasset" 83
"../../../../../../LocalUnrealProjects/repos/2DGame/TwoDGame/Content/2DSideScroller/Materials/PrototypingSpriteMaterial.uasset" 84
"../../../../../../LocalUnrealProjects/repos/2DGame/TwoDGame/Content/2DSideScroller/Sprites/PrototypingSprite.uasset" 85
"../../../../../../LocalUnrealProjects/repos/2DGame/TwoDGame/Content/2DSideScroller/Textures/2DCharacter_RunAnimAtlas.uasset" 86
"../../../../../../LocalUnrealProjects/repos/2DGame/TwoDGame/Content/2DSideScroller/Sprites/RunFrames/RunCycle_9.uasset" 87
"../../../../../../LocalUnrealProjects/repos/2DGame/TwoDGame/Content/2DSideScroller/Sprites/RunFrames/RunCycle_8.uasset" 88
"../../../../../../LocalUnrealProjects/repos/2DGame/TwoDGame/Content/2DSideScroller/Sprites/RunFrames/RunCycle_7.uasset" 89
"../../../../../../LocalUnrealProjects/repos/2DGame/TwoDGame/Content/2DSideScroller/Sprites/RunFrames/RunCycle_6.uasset" 90
"../../../../../../LocalUnrealProjects/repos/2DGame/TwoDGame/Content/2DSideScroller/Sprites/RunFrames/RunCycle_5.uasset" 91
"../../../../../../LocalUnrealProjects/repos/2DGame/TwoDGame/Content/2DSideScroller/Sprites/RunFrames/RunCycle_4.uasset" 92
"../../../../../../LocalUnrealProjects/repos/2DGame/TwoDGame/Content/2DSideScroller/Sprites/RunFrames/RunCycle_3.uasset" 93
"../../../../../../LocalUnrealProjects/repos/2DGame/TwoDGame/Content/2DSideScroller/Sprites/RunFrames/RunCycle_2.uasset" 94
"../../../../../../LocalUnrealProjects/repos/2DGame/TwoDGame/Content/2DSideScroller/Sprites/RunFrames/RunCycle_16.uasset" 95
"../../../../../../LocalUnrealProjects/repos/2DGame/TwoDGame/Content/2DSideScroller/Sprites/RunFrames/RunCycle_15.uasset" 96
"../../../../../../LocalUnrealProjects/repos/2DGame/TwoDGame/Content/2DSideScroller/Sprites/RunFrames/RunCycle_14.uasset" 97
"../../../../../../LocalUnrealProjects/repos/2DGame/TwoDGame/Content/2DSideScroller/Sprites/RunFrames/RunCycle_13.uasset" 98
"../../../../../../LocalUnrealProjects/repos/2DGame/TwoDGame/Content/2DSideScroller/Sprites/RunFrames/RunCycle_12.uasset" 99
"../../../../../../LocalUnrealProjects/repos/2DGame/TwoDGame/Content/2DSideScroller/Sprites/RunFrames/RunCycle_11.uasset" 100
"../../../../../../LocalUnrealProjects/repos/2DGame/TwoDGame/Content/2DSideScroller/Sprites/RunFrames/RunCycle_10.uasset" 101
"../../../../../../LocalUnrealProjects/repos/2DGame/TwoDGame/Content/2DSideScroller/Sprites/RunFrames/RunCycle_1.uasset" 102
"../../../../../../LocalUnrealProjects/repos/2DGame/TwoDGame/Content/2DSideScroller/Sprites/RunningAnimation.uasset" 103
"../../../../../../LocalUnrealProjects/repos/2DGame/TwoDGame/Content/2DSideScrollerBP/2DSideScrollerOverview.uasset" 104
"../../../../../../LocalUnrealProjects/repos/2DGame/TwoDGame/Content/Blueprints/Actors/Projectiles/EnemyProjectile.uasset" 105
"../../../Engine/Content/Functions/Engine_MaterialFunctions01/Density/ExponentialDensity.uasset" 106
"../../../Engine/Content/Functions/Engine_MaterialFunctions01/Gradient/RadialGradientExponential.uasset" 107
"../../../../../../LocalUnrealProjects/repos/2DGame/TwoDGame/Content/Materials/M_SphereMaskForSprite.uasset" 108
"../../../../../../LocalUnrealProjects/repos/2DGame/TwoDGame/Content/Sounds/charge.uasset" 109
"../../../../../../LocalUnrealProjects/repos/2DGame/TwoDGame/Content/Sounds/enemyspawn.uasset" 110
"../../../../../../LocalUnrealProjects/repos/2DGame/TwoDGame/Content/Sounds/overheat.uasset" 111
"../../../../../../LocalUnrealProjects/repos/2DGame/TwoDGame/Content/Sprites/BlueSquare.uasset" 112
"../../../../../../LocalUnrealProjects/repos/2DGame/TwoDGame/Content/Sprites/Textures/WhiteSquare.uasset" 113
"../../../../../../LocalUnrealProjects/repos/2DGame/TwoDGame/Content/Sprites/WhiteSquare.uasset" 114
"../../../../../../LocalUnrealProjects/repos/2DGame/TwoDGame/Content/Sprites/FlipBooks/BlueSquareFlipBook.uasset" 115
"../../../../../../LocalUnrealProjects/repos/2DGame/TwoDGame/Content/Sprites/FlipBooks/RedSquareFlipBook.uasset" 116
"../../../../../../LocalUnrealProjects/repos/2DGame/TwoDGame/Content/StarterContent/Materials/M_Basic_Wall.uasset" 117
"../../../../../../LocalUnrealProjects/repos/2DGame/TwoDGame/Content/StarterContent/Architecture/Pillar_50x500.uasset" 118
"../../../../../../LocalUnrealProjects/repos/2DGame/TwoDGame/Content/StarterContent/Architecture/Wall_400x300.uasset" 119
"../../../../../../LocalUnrealProjects/repos/2DGame/TwoDGame/Content/StarterContent/Architecture/Wall_400x400.uasset" 120
"../../../../../../LocalUnrealProjects/repos/2DGame/TwoDGame/Content/StarterContent/Architecture/Wall_500x500.uasset" 121
"../../../../../../LocalUnrealProjects/repos/2DGame/TwoDGame/Content/StarterContent/Architecture/Wall_Door_400x400.uasset" 122
"../../../../../../LocalUnrealProjects/repos/2DGame/TwoDGame/Content/StarterContent/Architecture/Wall_Window_400x400.uasset" 123
"../../../../../../LocalUnrealProjects/repos/2DGame/TwoDGame/Content/StarterContent/Audio/Collapse01.uasset" 124
"../../../../../../LocalUnrealProjects/repos/2DGame/TwoDGame/Content/StarterContent/Audio/Collapse02.uasset" 125
"../../../../../../LocalUnrealProjects/repos/2DGame/TwoDGame/Content/StarterContent/Audio/Explosion01.uasset" 126
"../../../../../../LocalUnrealProjects/repos/2DGame/TwoDGame/Content/StarterContent/Audio/Explosion02.uasset" 127
"../../../../../../LocalUnrealProjects/repos/2DGame/TwoDGame/Content/StarterContent/Audio/Fire01.uasset" 128
"../../../../../../LocalUnrealProjects/repos/2DGame/TwoDGame/Content/StarterContent/Audio/Fire_Sparks01.uasset" 129
"../../../../../../LocalUnrealProjects/repos/2DGame/TwoDGame/Content/StarterContent/Audio/Light01.uasset" 130
"../../../../../../LocalUnrealProjects/repos/2DGame/TwoDGame/Content/StarterContent/Audio/Light01_Cue.uasset" 131
"../../../../../../LocalUnrealProjects/repos/2DGame/TwoDGame/Content/StarterContent/Audio/Light02.uasset" 132
"../../../../../../LocalUnrealProjects/repos/2DGame/TwoDGame/Content/StarterContent/Audio/Light02_Cue.uasset" 133
"../../../../../../LocalUnrealProjects/repos/2DGame/TwoDGame/Content/StarterContent/Audio/Smoke01.uasset" 134
"../../../../../../LocalUnrealProjects/repos/2DGame/TwoDGame/Content/StarterContent/Audio/Starter_Birds01.uasset" 135
"../../../../../../LocalUnrealProjects/repos/2DGame/TwoDGame/Content/StarterContent/Audio/Starter_Music01.uasset" 136
"../../../../../../LocalUnrealProjects/repos/2DGame/TwoDGame/Content/StarterContent/Audio/Starter_Wind05.uasset" 137
"../../../../../../LocalUnrealProjects/repos/2DGame/TwoDGame/Content/StarterContent/Audio/Starter_Wind06.uasset" 138
"../../../../../../LocalUnrealProjects/repos/2DGame/TwoDGame/Content/StarterContent/Audio/Steam01.uasset" 139
"../../../../../../LocalUnrealProjects/repos/2DGame/TwoDGame/Content/StarterContent/Audio/Explosion_Cue.uasset" 140
"../../../../../../LocalUnrealProjects/repos/2DGame/TwoDGame/Content/StarterContent/Blueprints/Blueprint_Effect_Explosion.uasset" 141
"../../../Engine/Content/EditorMeshes/ColorCalibrator/T_ColorGrid.uasset" 142
"../../../../../../LocalUnrealProjects/repos/2DGame/TwoDGame/Content/StarterContent/Materials/M_ColorGrid_LowSpec.uasset" 143
"../../../../../../LocalUnrealProjects/repos/2DGame/TwoDGame/Content/StarterContent/Textures/T_Bush_N.uasset" 144
"../../../../../../LocalUnrealProjects/repos/2DGame/TwoDGame/Content/StarterContent/Textures/T_Bush_D.uasset" 145
"../../../../../../LocalUnrealProjects/repos/2DGame/TwoDGame/Content/StarterContent/Props/Materials/M_Bush.uasset" 146
"../../../../../../LocalUnrealProjects/repos/2DGame/TwoDGame/Content/StarterContent/Props/SM_Bush.uasset" 147
"../../../../../../LocalUnrealProjects/repos/2DGame/TwoDGame/Content/StarterContent/Textures/T_Chair_N.uasset" 148
"../../../../../../LocalUnrealProjects/repos/2DGame/TwoDGame/Content/StarterContent/Textures/T_Chair_M.uasset" 149
"../../../../../../LocalUnrealProjects/repos/2DGame/TwoDGame/Content/StarterContent/Props/Materials/M_Chair.uasset" 150
"../../../../../../LocalUnrealProjects/repos/2DGame/TwoDGame/Content/StarterContent/Props/SM_Couch.uasset" 151
"../../../../../../LocalUnrealProjects/repos/2DGame/TwoDGame/Content/StarterContent/Materials/M_Glass.uasset" 152
"../../../../../../LocalUnrealProjects/repos/2DGame/TwoDGame/Content/StarterContent/Textures/T_Door_N.uasset" 153
"../../../../../../LocalUnrealProjects/repos/2DGame/TwoDGame/Content/StarterContent/Textures/T_Door_M.uasset" 154
"../../../../../../LocalUnrealProjects/repos/2DGame/TwoDGame/Content/StarterContent/Props/Materials/M_Door.uasset" 155
"../../../../../../LocalUnrealProjects/repos/2DGame/TwoDGame/Content/StarterContent/Props/SM_Door.uasset" 156
"../../../../../../LocalUnrealProjects/repos/2DGame/TwoDGame/Content/StarterContent/Props/Materials/M_MaterialSphere_Plain.uasset" 157
"../../../../../../LocalUnrealProjects/repos/2DGame/TwoDGame/Content/StarterContent/Props/Materials/M_MaterialSphere.uasset" 158
"../../../../../../LocalUnrealProjects/repos/2DGame/TwoDGame/Content/StarterContent/Props/SM_MatPreviewMesh_02.uasset" 159
"../../../../../../LocalUnrealProjects/repos/2DGame/TwoDGame/Content/StarterContent/Textures/T_Rock_Basalt_D.uasset" 160
"../../../Engine/Content/Functions/Engine_MaterialFunctions02/Utility/BlendAngleCorrectedNormals.uasset" 161
"../../../../../../LocalUnrealProjects/repos/2DGame/TwoDGame/Content/StarterContent/Textures/T_Detail_Rocky_N.uasset" 162
"../../../../../../LocalUnrealProjects/repos/2DGame/TwoDGame/Content/StarterContent/Textures/T_RockMesh_N.uasset" 163
"../../../../../../LocalUnrealProjects/repos/2DGame/TwoDGame/Content/StarterContent/Textures/T_RockMesh_M.uasset" 164
"../../../../../../LocalUnrealProjects/repos/2DGame/TwoDGame/Content/StarterContent/Props/Materials/M_Rock.uasset" 165
"../../../../../../LocalUnrealProjects/repos/2DGame/TwoDGame/Content/StarterContent/Props/SM_Rock.uasset" 166
"../../../../../../LocalUnrealProjects/repos/2DGame/TwoDGame/Content/StarterContent/Textures/T_Shelf_N.uasset" 167
"../../../../../../LocalUnrealProjects/repos/2DGame/TwoDGame/Content/StarterContent/Textures/T_Shelf_M.uasset" 168
"../../../../../../LocalUnrealProjects/repos/2DGame/TwoDGame/Content/StarterContent/Props/Materials/M_Shelf.uasset" 169
"../../../../../../LocalUnrealProjects/repos/2DGame/TwoDGame/Content/StarterContent/Props/SM_Shelf.uasset" 170
"../../../../../../LocalUnrealProjects/repos/2DGame/TwoDGame/Content/StarterContent/Materials/M_Basic_Floor.uasset" 171
"../../../../../../LocalUnrealProjects/repos/2DGame/TwoDGame/Content/StarterContent/Props/SM_Stairs.uasset" 172
"../../../../../../LocalUnrealProjects/repos/2DGame/TwoDGame/Content/StarterContent/Shapes/Shape_Cone.uasset" 173
"../../../../../../LocalUnrealProjects/repos/2DGame/TwoDGame/Content/StarterContent/Shapes/Shape_Cylinder.uasset" 174
"../../../../../../LocalUnrealProjects/repos/2DGame/TwoDGame/Content/StarterContent/Shapes/Shape_NarrowCapsule.uasset" 175
"../../../../../../LocalUnrealProjects/repos/2DGame/TwoDGame/Content/StarterContent/Shapes/Shape_Pipe.uasset" 176
"../../../../../../LocalUnrealProjects/repos/2DGame/TwoDGame/Content/StarterContent/Shapes/Shape_Pipe_180.uasset" 177
"../../../../../../LocalUnrealProjects/repos/2DGame/TwoDGame/Content/StarterContent/Shapes/Shape_Pipe_90.uasset" 178
"../../../../../../LocalUnrealProjects/repos/2DGame/TwoDGame/Content/StarterContent/Shapes/Shape_Plane.uasset" 179
"../../../../../../LocalUnrealProjects/repos/2DGame/TwoDGame/Content/StarterContent/Shapes/Shape_Torus.uasset" 180
"../../../../../../LocalUnrealProjects/repos/2DGame/TwoDGame/Content/StarterContent/Shapes/Shape_Trim.uasset" 181
"../../../../../../LocalUnrealProjects/repos/2DGame/TwoDGame/Content/StarterContent/Shapes/Shape_Trim_90_In.uasset" 182
"../../../../../../LocalUnrealProjects/repos/2DGame/TwoDGame/Content/StarterContent/Shapes/Shape_Trim_90_Out.uasset" 183
"../../../../../../LocalUnrealProjects/repos/2DGame/TwoDGame/Content/StarterContent/Shapes/Shape_TriPyramid.uasset" 184
"../../../../../../LocalUnrealProjects/repos/2DGame/TwoDGame/Content/StarterContent/Shapes/Shape_Tube.uasset" 185
"../../../../../../LocalUnrealProjects/repos/2DGame/TwoDGame/Content/StarterContent/Shapes/Shape_Wedge_A.uasset" 186
"../../../../../../LocalUnrealProjects/repos/2DGame/TwoDGame/Content/StarterContent/Shapes/Shape_Wedge_B.uasset" 187
"../../../../../../LocalUnrealProjects/repos/2DGame/TwoDGame/Content/StarterContent/Shapes/Shape_WideCapsule.uasset" 188
"../../../Engine/Content/EngineMaterials/T_Default_Material_Grid_N.uasset" 189
"../../../Engine/Content/EngineMaterials/T_Default_Material_Grid_M.uasset" 190
"../../../Engine/Content/Functions/Engine_MaterialFunctions01/Opacity/CameraDepthFade.uasset" 191
"../../../Engine/Content/EngineMaterials/WorldGridMaterial.uasset" 192
"../../../Engine/Content/ArtTools/RenderToTexture/Meshes/S_1_Unit_Plane.uasset" 193
"../../../Engine/Content/EngineMaterials/DefaultMaterial.uasset" 194
"../../../Engine/Content/BasicShapes/Cone.uasset" 195
"../../../Engine/Content/BasicShapes/Cube.uasset" 196
"../../../Engine/Content/BasicShapes/Plane.uasset" 197
"../../../Engine/Content/BasicShapes/Sphere.uasset" 198
"../../../Engine/Content/EditorLandscapeResources/DataLayer.uasset" 199
"../../../Engine/Content/EditorLandscapeResources/DefaultAlphaTexture.uasset" 200
"../../../Engine/Content/EditorMaterials/MAT_Groups_Toggle.uasset" 201
"../../../Engine/Content/EditorMaterials/MAT_Groups_Visibility.uasset" 202
"../../../Engine/Content/EditorMaterials/PreviewShadowIndicator.uasset" 203
"../../../Engine/Content/EditorMaterials/PreviewShadowIndicatorMaterial.uasset" 204
"../../../Engine/Content/EditorMaterials/MatineeGroups/MAT_ColorTrack.uasset" 205
"../../../Engine/Content/EditorMaterials/MatineeGroups/MAT_Groups_Anim.uasset" 206
"../../../Engine/Content/EditorMaterials/MatineeGroups/MAT_Groups_AudioMaster.uasset" 207
"../../../Engine/Content/EditorMaterials/MatineeGroups/MAT_Groups_Director.uasset" 208
"../../../Engine/Content/EditorMaterials/MatineeGroups/MAT_Groups_Event.uasset" 209
"../../../Engine/Content/EditorMaterials/MatineeGroups/MAT_Groups_Fade.uasset" 210
"../../../Engine/Content/EditorMaterials/MatineeGroups/MAT_Groups_Float.uasset" 211
"../../../Engine/Content/EditorMaterials/MatineeGroups/MAT_Groups_Move.uasset" 212
"../../../Engine/Content/EditorMaterials/MatineeGroups/MAT_Groups_Slomo.uasset" 213
"../../../Engine/Content/EditorMaterials/MatineeGroups/MAT_Groups_Sound.uasset" 214
"../../../Engine/Content/EditorMaterials/MatineeGroups/MAT_Groups_Vector.uasset" 215
"../../../Engine/Content/EditorMaterials/ParticleSystems/PSysThumbnail_NoImage.uasset" 216
"../../../Engine/Content/EditorMaterials/ParticleSystems/PSysThumbnail_OOD.uasset" 217
"../../../Engine/Content/EditorMaterials/Camera/CineMat.uasset" 218
"../../../Engine/Content/EditorMaterials/Camera/MI_CineMat_Rig.uasset" 219
"../../../Engine/Content/EditorMeshes/Camera/SM_CraneRig_Arm.uasset" 220
"../../../Engine/Content/EditorMeshes/Camera/SM_CraneRig_Base.uasset" 221
"../../../Engine/Content/EditorMeshes/Camera/SM_CraneRig_Body.uasset" 222
"../../../Engine/Content/EditorMeshes/Camera/SM_CraneRig_Mount.uasset" 223
"../../../Engine/Content/EditorMeshes/Camera/SM_RailRig_Mount.uasset" 224
"../../../Engine/Content/EditorMeshes/Camera/SM_RailRig_Track.uasset" 225
"../../../Engine/Content/EditorResources/BSPVertex.uasset" 226
"../../../Engine/Content/EditorResources/EmptyActor.uasset" 227
"../../../Engine/Content/EditorResources/S_Actor.uasset" 228
"../../../Engine/Content/EditorResources/S_Note.uasset" 229
"../../../Engine/Content/EditorResources/S_Solver.uasset" 230
"../../../Engine/Content/EditorResources/S_Terrain.uasset" 231
"../../../Engine/Content/EditorResources/S_Trigger.uasset" 232
"../../../Engine/Content/EditorResources/AudioIcons/S_AudioComponent.uasset" 233
"../../../Engine/Content/EditorResources/AudioIcons/S_AudioComponent_AutoActivate.uasset" 234
"../../../Engine/Content/EditorResources/LightIcons/S_LightError.uasset" 235
"../../../Engine/Content/EditorResources/SequenceRecorder/Countdown.uasset" 236
"../../../Engine/Content/EditorResources/SequenceRecorder/RecordingIndicator.uasset" 237
"../../../Engine/Content/EngineDamageTypes/DmgTypeBP_Environmental.uasset" 238
"../../../Engine/Content/EngineDebugMaterials/DebugEditorMaterial.uasset" 239
"../../../Engine/Content/EngineDebugMaterials/DebugMeshMaterial.uasset" 240
"../../../Engine/Content/EngineDebugMaterials/M_SimpleUnlitTranslucent.uasset" 241
"../../../Engine/Content/EngineDebugMaterials/VolumeToRender.uasset" 242
"../../../Engine/Content/Functions/Engine_MaterialFunctions02/Utility/CameraDirectionVector.uasset" 243
"../../../Engine/Content/EngineDebugMaterials/M_VolumeRenderSphereTracePP.uasset" 244
"../../../Engine/Content/Functions/Engine_MaterialFunctions01/Shading/ConvertFromDiffSpec.uasset" 245
"../../../Engine/Content/EngineDebugMaterials/VertexColorMaterial.uasset" 246
"../../../Engine/Content/EngineDebugMaterials/WireframeMaterial.uasset" 247
"../../../Engine/Content/EngineFonts/Faces/RobotoRegular.uasset" 248
"../../../Engine/Content/EngineFonts/Faces/RobotoLight.uasset" 249
"../../../Engine/Content/EngineFonts/Faces/RobotoItalic.uasset" 250
"../../../Engine/Content/EngineFonts/Faces/RobotoBoldItalic.uasset" 251
"../../../Engine/Content/EngineFonts/Faces/RobotoBold.uasset" 252
"../../../Engine/Content/EngineFonts/Faces/DroidSansFallback.uasset" 253
"../../../Engine/Content/EngineFonts/Roboto.uasset" 254
"../../../Engine/Content/EngineMaterials/BaseFlattenNormalMap.uasset" 255
"../../../Engine/Content/EngineMaterials/BaseFlattenGrayscaleMap.uasset" 256
"../../../Engine/Content/EngineMaterials/BaseFlattenEmissiveMap.uasset" 257
"../../../Engine/Content/EngineMaterials/BaseFlattenDiffuseMap.uasset" 258
"../../../Engine/Content/EngineMaterials/BaseFlattenMaterial.uasset" 259
"../../../Engine/Content/EngineMaterials/BlueNoise.uasset" 260
"../../../Engine/Content/EngineMaterials/DefaultBloomKernel.uasset" 261
"../../../Engine/Content/EngineMaterials/DefaultBokeh.uasset" 262
"../../../Engine/Content/EngineMaterials/DefaultDiffuse.uasset" 263
"../../../Engine/Content/EngineMaterials/DefaultDeferredDecalMaterial.uasset" 264
"../../../Engine/Content/EngineMaterials/DefaultLightFunctionMaterial.uasset" 265
"../../../Engine/Content/EngineMaterials/DefaultPhysicalMaterial.uasset" 266
"../../../Engine/Content/Functions/Engine_MaterialFunctions02/Utility/BreakOutFloat2Components.uasset" 267
"../../../Engine/Content/EngineMaterials/DefaultPostProcessMaterial.uasset" 268
"../../../Engine/Content/EngineFonts/RobotoDistanceField.uasset" 269
"../../../Engine/Content/EngineMaterials/DefaultTextMaterialOpaque.uasset" 270
"../../../Engine/Content/EngineMaterials/DefaultWhiteGrid.uasset" 271
"../../../Engine/Content/EngineMaterials/DefaultWhiteGrid_Low.uasset" 272
"../../../Engine/Content/EngineMaterials/EmissiveMeshMaterial.uasset" 273
"../../../Engine/Content/EngineMaterials/GizmoMaterial.uasset" 274
"../../../Engine/Content/EngineMaterials/Good64x64TilingNoiseHighFreq.uasset" 275
"../../../Engine/Content/EngineMaterials/MiniFont.uasset" 276
"../../../Engine/Content/EngineMaterials/InvalidLightmapSettings.uasset" 277
"../../../Engine/Content/EngineMaterials/M_InvalidLightmapSettings.uasset" 278
"../../../Engine/Content/Functions/Engine_MaterialFunctions02/WorldPositionOffset/CameraOffset.uasset" 279
"../../../Engine/Content/EngineMaterials/PhAT_JointLimitMaterial.uasset" 280
"../../../Engine/Content/EngineMaterials/PreintegratedSkinBRDF.uasset" 281
"../../../Engine/Content/EngineMaterials/RemoveSurfaceMaterial.uasset" 282
"../../../Engine/Content/EngineMaterials/WeightMapPlaceholderTexture.uasset" 283
"../../../Engine/Content/EngineResources/WhiteSquareTexture.uasset" 284
"../../../Engine/Content/EngineMaterials/Widget3DPassThrough.uasset" 285
"../../../Engine/Content/EngineMaterials/Widget3DPassThrough_Masked.uasset" 286
"../../../Engine/Content/EngineMaterials/Widget3DPassThrough_Opaque.uasset" 287
"../../../Engine/Content/EngineMaterials/Widget3DPassThrough_Masked_OneSided.uasset" 288
"../../../Engine/Content/EngineMaterials/Widget3DPassThrough_Opaque_OneSided.uasset" 289
"../../../Engine/Content/EngineMaterials/Widget3DPassThrough_Translucent.uasset" 290
"../../../Engine/Content/EngineMaterials/Widget3DPassThrough_Translucent_OneSided.uasset" 291
"../../../Engine/Content/EngineMeshes/Cylinder.uasset" 292
"../../../Engine/Content/EngineMeshes/Sphere.uasset" 293
"../../../Engine/Content/EngineResources/Black.uasset" 294
"../../../Engine/Content/EngineResources/DefaultTextureCube.uasset" 295
"../../../Engine/Content/EngineResources/DefaultVolumeTexture2D.uasset" 296
"../../../Engine/Content/EngineResources/DefaultVolumeTexture.uasset" 297
"../../../Engine/Content/EngineResources/GradientTexture0.uasset" 298
"../../../Engine/Content/EngineSky/VolumetricClouds/T_NoiseShape64.uasset" 299
"../../../Engine/Content/EngineSky/VolumetricClouds/T_VolumeNoiseShape64.uasset" 300
"../../../Engine/Content/EngineSky/VolumetricClouds/T_NoiseErosion.uasset" 301
"../../../Engine/Content/EngineSky/VolumetricClouds/T_VolumeNoiseErosion32.uasset" 302
"../../../Engine/Content/EngineSky/VolumetricClouds/CloudWeatherTexture.uasset" 303
"../../../Engine/Content/EngineSky/VolumetricClouds/CloudGradientTexture.uasset" 304
"../../../Engine/Content/Functions/Engine_MaterialFunctions02/Utility/MakeFloat2.uasset" 305
"../../../Engine/Content/EngineSky/VolumetricClouds/m_SimpleVolumetricCloud.uasset" 306
"../../../Engine/Content/EngineSky/VolumetricClouds/m_SimpleVolumetricCloud_Inst.uasset" 307
"../../../Engine/Content/EngineSounds/Master.uasset" 308
"../../../Engine/Content/Functions/Engine_MaterialFunctions01/Shading/PowerToRoughness.uasset" 309
"../../../Engine/Content/Maps/Templates/Thumbnails/Default.uasset" 310
"../../../Engine/Content/Maps/Templates/Thumbnails/TimeOfDay.uasset" 311
"../../../Engine/Content/Maps/Templates/Thumbnails/VR-Basic.uasset" 312
"../../../Engine/Content/MobileResources/T_MobileControls_texture.uasset" 313
"../../../Engine/Content/MobileResources/T_MobileMenu2.uasset" 314
"../../../Engine/Content/MobileResources/HUD/AnalogHat.uasset" 315
"../../../Engine/Content/MobileResources/HUD/VirtualJoystick_Thumb.uasset" 316
"../../../Engine/Content/MobileResources/HUD/VirtualJoystick_Background.uasset" 317
"../../../Engine/Content/MobileResources/HUD/DefaultVirtualJoysticks.uasset" 318
"../../../Engine/Content/MobileResources/HUD/LeftVirtualJoystickOnly.uasset" 319
"../../../Engine/Content/MobileResources/HUD/MobileHUDButton1_off.uasset" 320
"../../../Engine/Content/MobileResources/HUD/MobileHUDButton1_on.uasset" 321
"../../../Engine/Content/MobileResources/HUD/MobileHUDButton2_off.uasset" 322
"../../../Engine/Content/MobileResources/HUD/MobileHUDButton2_on.uasset" 323
"../../../Engine/Content/MobileResources/HUD/MobileHUDButton3.uasset" 324
"../../../Engine/Content/MobileResources/HUD/MobileHUDButtonFire.uasset" 325
"../../../Engine/Content/MobileResources/HUD/MobileHUDDirectionPad.uasset" 326
"../../../Engine/Content/MobileResources/HUD/MobileHUDDirectionPad2.uasset" 327
"../../../Engine/Content/MobileResources/HUD/MobileHUDDirectionPad3.uasset" 328
"../../../Engine/Content/MobileResources/HUD/MobileHUDDirectionStick.uasset" 329
"../../../Engine/Content/MobileResources/HUD/T_Castle_ThumbstickInner.uasset" 330
"../../../Engine/Content/MobileResources/HUD/T_Castle_ThumbstickOutter.uasset" 331
"../../../Engine/Content/Tutorial/ContentIntroCurve.uasset" 332
"../../../Engine/Content/Tutorial/Basics/LevelEditorAttract.uasset" 333
"../../../Engine/Content/Tutorial/Basics/TutorialAssets/icon_tab_Levels_40x.uasset" 334
"../../../Engine/Content/Tutorial/Basics/LevelEditorOverview.uasset" 335
"../../../Engine/Content/VREditor/TransformGizmo/TranslucentTransformGizmoMaterial.uasset" 336
"../../../Engine/Content/VREditor/LaserPointer/VR_LaserPower_01.uasset" 337
"../../../Engine/Content/VREditor/TransformGizmo/TransformGizmoMaterial.uasset" 338
"../../../Engine/Content/VREditor/TransformGizmo/BoundingBoxCorner.uasset" 339
"../../../Engine/Content/VREditor/TransformGizmo/BoundingBoxEdge.uasset" 340
"../../../Engine/Content/VREditor/TransformGizmo/PlaneTranslationHandle.uasset" 341
"../../../Engine/Content/VREditor/TransformGizmo/Xray.uasset" 342
"../../../Engine/Content/VREditor/TransformGizmo/Main.uasset" 343
"../../../Engine/Content/VREditor/TransformGizmo/SM_Sequencer_Key.uasset" 344
"../../../Engine/Content/VREditor/TransformGizmo/SM_Sequencer_Node.uasset" 345
"../../Plugins/2D/Paper2D/Content/PlaceholderTextures/DummySpriteTexture.uasset" 346
"../../Plugins/2D/Paper2D/Content/DummySprite.uasset" 347
"../../Plugins/2D/Paper2D/Content/DefaultPaperTerrainMaterial.uasset" 348
"../../Plugins/2D/Paper2D/Content/DefaultSpriteMaterial.uasset" 349
"../../Plugins/2D/Paper2D/Content/MaskedUnlitSpriteMaterial.uasset" 350
"../../../Engine/Content/Functions/Engine_MaterialFunctions02/Utility/BreakOutFloat3Components.uasset" 351
"../../Plugins/Editor/SpeedTreeImporter/Content/SpeedTree9/UnpackInteger3.uasset" 352
"../../Plugins/Editor/SpeedTreeImporter/Content/SpeedTree9/UnpackDirection.uasset" 353
"../../Plugins/Editor/SpeedTreeImporter/Content/SpeedTree9/game_wind_noise.uasset" 354
"../../../Engine/Content/Functions/Engine_MaterialFunctions02/SafeNormalize.uasset" 355
"../../Plugins/Editor/SpeedTreeImporter/Content/SpeedTree9/SpeedTreeWindMotion.uasset" 356
"../../Plugins/Editor/SpeedTreeImporter/Content/SpeedTree9/SpeedTreeBranchMotion.uasset" 357
"../../../Engine/Content/Functions/Engine_MaterialFunctions02/ObjectLocalBounds.uasset" 358
"../../../Engine/Content/Functions/Engine_MaterialFunctions02/UVs/BoundingBoxBased_0-1_UVW.uasset" 359
"../../Plugins/Editor/SpeedTreeImporter/Content/SpeedTree9/SpeedTreeWind.uasset" 360
"../../Plugins/Editor/SpeedTreeImporter/Content/SpeedTree9/SpeedTreeBillboard.uasset" 361
"../../../Engine/Content/EngineResources/DefaultTexture.uasset" 362
"../../Plugins/Editor/SpeedTreeImporter/Content/SpeedTree9/SpeedTreeBillboardMaster.uasset" 363
"../../Plugins/Editor/SpeedTreeImporter/Content/SpeedTree9/SpeedTreeCameraFacing.uasset" 364
"../../Plugins/Editor/SpeedTreeImporter/Content/SpeedTree9/SpeedTreeMaster.uasset" 365
"../../../Engine/Content/BasicShapes/Cylinder.uasset" 366
"../../../Engine/Content/ArtTools/RenderToTexture/Materials/Debug/M_Emissive_Color.uasset" 367
"../../Plugins/Lumin/MagicLeapPassableWorld/Content/MagicLeapARPinInfoActor.uasset" 368
"../../../Engine/Content/Functions/Engine_MaterialFunctions02/Utility/BreakOutFloat4Components.uasset" 369
"../../../Engine/Content/Functions/Engine_MaterialFunctions02/Utility/MakeFloat3.uasset" 370
"../../Plugins/Runtime/Oculus/OculusVR/Content/Materials/OculusMR_ChromaKey.uasset" 371
"../../Plugins/Runtime/Oculus/OculusVR/Content/Materials/OculusMR_OpaqueColoredMaterial.uasset" 372
"../../Plugins/Runtime/Oculus/OculusVR/Content/Materials/PokeAHoleMaterial.uasset" 373
"../../../Engine/Content/MapTemplates/T_ScreenDirt02_w.uasset" 374
"../../../Engine/Content/MapTemplates/Bokeh_5Sides.uasset" 375
"../../../../../../LocalUnrealProjects/repos/2DGame/TwoDGame/Content/2DSideScrollerBP/Maps/2DSideScrollerExampleMap_BuiltData.uasset" 376
"../../../../../../LocalUnrealProjects/repos/2DGame/TwoDGame/Content/2DSideScroller/Textures/2DBackgroundBlockAtlas.uasset" 377
"../../../../../../LocalUnrealProjects/repos/2DGame/TwoDGame/Content/2DSideScroller/Sprites/Ledge.uasset" 378
"../../../../../../LocalUnrealProjects/repos/2DGame/TwoDGame/Content/2DSideScroller/Textures/2DBackground.uasset" 379
"../../Plugins/2D/Paper2D/Content/OpaqueUnlitSpriteMaterial.uasset" 380
"../../../../../../LocalUnrealProjects/repos/2DGame/TwoDGame/Content/2DSideScroller/Sprites/Background_Sprite.uasset" 381
"../../../../../../LocalUnrealProjects/repos/2DGame/TwoDGame/Content/2DSideScrollerBP/Maps/2DSideScrollerExampleMap.umap" 382
"../../../../../../LocalUnrealProjects/repos/2DGame/TwoDGame/Content/Blueprints/Actors/Ledges/Ledge_14_Blueprint.uasset" 383
"../../../../../../LocalUnrealProjects/repos/2DGame/TwoDGame/Content/Sprites/Textures/Board.uasset" 384
"../../../../../../LocalUnrealProjects/repos/2DGame/TwoDGame/Content/Sprites/Board.uasset" 385
"../../../../../../LocalUnrealProjects/repos/2DGame/TwoDGame/Content/Blueprints/Actors/Ledges/Board.uasset" 386
"../../../../../../LocalUnrealProjects/repos/2DGame/TwoDGame/Content/Levels/TwoDGameTestMap.umap" 387
"../../../Engine/Content/EditorMeshes/ColorCalibrator/M_GreyBall.uasset" 388
"../../../Engine/Content/EditorMeshes/ColorCalibrator/Color_checker.uasset" 389
"../../../Engine/Content/EditorMeshes/ColorCalibrator/M_ColorGrid.uasset" 390
"../../../Engine/Content/EditorMeshes/ColorCalibrator/M_ClearCoatBlack.uasset" 391
"../../../Engine/Content/EditorMeshes/ColorCalibrator/M_ClearCoat.uasset" 392
"../../../Engine/Content/EditorMeshes/ColorCalibrator/M_ChromeBall.uasset" 393
"../../../Engine/Content/EditorMeshes/ColorCalibrator/SM_ColorCalibrator.uasset" 394
"../../../../../../LocalUnrealProjects/repos/2DGame/TwoDGame/Content/StarterContent/Maps/Advanced_Lighting_BuiltData.uasset" 395
"../../../../../../LocalUnrealProjects/repos/2DGame/TwoDGame/Content/StarterContent/HDRI/HDRI_Epic_Courtyard_Daylight.uasset" 396
"../../../Engine/Content/MapTemplates/Sky/DaylightAmbientCubemap.uasset" 397
"../../../../../../LocalUnrealProjects/repos/2DGame/TwoDGame/Content/StarterContent/Blueprints/Assets/M_LightStage_Skybox_Master.uasset" 398
"../../../../../../LocalUnrealProjects/repos/2DGame/TwoDGame/Content/StarterContent/Blueprints/Assets/M_LightStage_Skybox_HDRI.uasset" 399
"../../../../../../LocalUnrealProjects/repos/2DGame/TwoDGame/Content/StarterContent/Blueprints/Assets/M_LightStage_Arrows.uasset" 400
"../../../../../../LocalUnrealProjects/repos/2DGame/TwoDGame/Content/StarterContent/Blueprints/Assets/SM_Arrows.uasset" 401
"../../../Engine/Content/EditorMaterials/Thumbnails/SkySphereMaterial.uasset" 402
"../../../../../../LocalUnrealProjects/repos/2DGame/TwoDGame/Content/StarterContent/Blueprints/Assets/Skybox.uasset" 403
"../../../../../../LocalUnrealProjects/repos/2DGame/TwoDGame/Content/StarterContent/Blueprints/Assets/M_LightStage_Skybox_Black.uasset" 404
"../../../../../../LocalUnrealProjects/repos/2DGame/TwoDGame/Content/StarterContent/Blueprints/Assets/SunlightColorLUT.uasset" 405
"../../../../../../LocalUnrealProjects/repos/2DGame/TwoDGame/Content/StarterContent/Blueprints/Assets/FogBrightnessLUT.uasset" 406
"../../../../../../LocalUnrealProjects/repos/2DGame/TwoDGame/Content/StarterContent/Blueprints/BP_LightStudio.uasset" 407
"../../../../../../LocalUnrealProjects/repos/2DGame/TwoDGame/Content/StarterContent/Materials/M_AssetPlatform.uasset" 408
"../../../../../../LocalUnrealProjects/repos/2DGame/TwoDGame/Content/StarterContent/Architecture/SM_AssetPlatform.uasset" 409
"../../../../../../LocalUnrealProjects/repos/2DGame/TwoDGame/Content/StarterContent/Maps/Advanced_Lighting.umap" 410
"../../../../../../LocalUnrealProjects/repos/2DGame/TwoDGame/Content/StarterContent/Textures/T_TableRound_N.uasset" 411
"../../../../../../LocalUnrealProjects/repos/2DGame/TwoDGame/Content/StarterContent/Textures/T_TableRound_M.uasset" 412
"../../../../../../LocalUnrealProjects/repos/2DGame/TwoDGame/Content/StarterContent/Props/Materials/M_TableRound.uasset" 413
"../../../../../../LocalUnrealProjects/repos/2DGame/TwoDGame/Content/StarterContent/Props/SM_TableRound.uasset" 414
"../../../../../../LocalUnrealProjects/repos/2DGame/TwoDGame/Content/StarterContent/Textures/T_Statue_N.uasset" 415
"../../../../../../LocalUnrealProjects/repos/2DGame/TwoDGame/Content/StarterContent/Textures/T_Statue_M.uasset" 416
"../../../../../../LocalUnrealProjects/repos/2DGame/TwoDGame/Content/StarterContent/Props/Materials/M_Statue.uasset" 417
"../../../../../../LocalUnrealProjects/repos/2DGame/TwoDGame/Content/StarterContent/Props/Materials/M_StatueGlass.uasset" 418
"../../../../../../LocalUnrealProjects/repos/2DGame/TwoDGame/Content/StarterContent/Props/SM_Statue.uasset" 419
"../../../../../../LocalUnrealProjects/repos/2DGame/TwoDGame/Content/StarterContent/Props/SM_Chair.uasset" 420
"../../../../../../LocalUnrealProjects/repos/2DGame/TwoDGame/Content/StarterContent/Textures/T_Metal_Copper_D.uasset" 421
"../../../../../../LocalUnrealProjects/repos/2DGame/TwoDGame/Content/StarterContent/Textures/T_Metal_Gold_N.uasset" 422
"../../../../../../LocalUnrealProjects/repos/2DGame/TwoDGame/Content/StarterContent/Textures/T_MacroVariation.uasset" 423
"../../../../../../LocalUnrealProjects/repos/2DGame/TwoDGame/Content/StarterContent/Materials/M_Metal_Copper.uasset" 424
"../../../../../../LocalUnrealProjects/repos/2DGame/TwoDGame/Content/StarterContent/Textures/T_Metal_Aluminum_D.uasset" 425
"../../../../../../LocalUnrealProjects/repos/2DGame/TwoDGame/Content/StarterContent/Materials/M_Metal_Burnished_Steel.uasset" 426
"../../../../../../LocalUnrealProjects/repos/2DGame/TwoDGame/Content/StarterContent/Materials/M_Metal_Brushed_Nickel.uasset" 427
"../../../Engine/Content/EngineSky/T_Sky_Stars.uasset" 428
"../../../Engine/Content/EngineSky/T_Sky_Clouds_M.uasset" 429
"../../../Engine/Content/EngineSky/T_Sky_Blue.uasset" 430
"../../../Engine/Content/EngineSky/M_Sky_Panning_Clouds2.uasset" 431
"../../../../../../LocalUnrealProjects/repos/2DGame/TwoDGame/Content/StarterContent/Maps/Minimal_Default_BuiltData.uasset" 432
"../../../Engine/Content/EngineSky/SM_SkySphere.uasset" 433
"../../../Engine/Content/EngineSky/C_Sky_Zenith_Color.uasset" 434
"../../../Engine/Content/EngineSky/C_Sky_Horizon_Color.uasset" 435
"../../../Engine/Content/EngineSky/C_Sky_Cloud_Color.uasset" 436
"../../../Engine/Content/EngineSky/BP_Sky_Sphere.uasset" 437
"../../../../../../LocalUnrealProjects/repos/2DGame/TwoDGame/Content/StarterContent/Audio/Starter_Background_Cue.uasset" 438
"../../../../../../LocalUnrealProjects/repos/2DGame/TwoDGame/Content/StarterContent/Architecture/Floor_400x400.uasset" 439
"../../../../../../LocalUnrealProjects/repos/2DGame/TwoDGame/Content/StarterContent/Maps/Minimal_Default.umap" 440
"../../../../../../LocalUnrealProjects/repos/2DGame/TwoDGame/Content/StarterContent/Shapes/Shape_Sphere.uasset" 441
"../../../../../../LocalUnrealProjects/repos/2DGame/TwoDGame/Content/StarterContent/Shapes/Shape_QuadPyramid.uasset" 442
"../../../../../../LocalUnrealProjects/repos/2DGame/TwoDGame/Content/StarterContent/Shapes/Shape_Cube.uasset" 443
"../../../../../../LocalUnrealProjects/repos/2DGame/TwoDGame/Content/StarterContent/Textures/T_Frame_N.uasset" 444
"../../../../../../LocalUnrealProjects/repos/2DGame/TwoDGame/Content/StarterContent/Textures/T_Frame_M.uasset" 445
"../../../../../../LocalUnrealProjects/repos/2DGame/TwoDGame/Content/StarterContent/Props/Materials/M_Frame.uasset" 446
"../../../../../../LocalUnrealProjects/repos/2DGame/TwoDGame/Content/StarterContent/Props/SM_WindowFrame.uasset" 447
"../../../../../../LocalUnrealProjects/repos/2DGame/TwoDGame/Content/StarterContent/Props/SM_PillarFrame300.uasset" 448
"../../../../../../LocalUnrealProjects/repos/2DGame/TwoDGame/Content/StarterContent/Props/SM_PillarFrame.uasset" 449
"../../../../../../LocalUnrealProjects/repos/2DGame/TwoDGame/Content/StarterContent/Props/SM_GlassWindow.uasset" 450
"../../../../../../LocalUnrealProjects/repos/2DGame/TwoDGame/Content/StarterContent/Props/SM_DoorFrame.uasset" 451
"../../../../../../LocalUnrealProjects/repos/2DGame/TwoDGame/Content/StarterContent/Props/SM_CornerFrame.uasset" 452
"../../../../../../LocalUnrealProjects/repos/2DGame/TwoDGame/Content/StarterContent/Props/MaterialSphere.uasset" 453
"../../../../../../LocalUnrealProjects/repos/2DGame/TwoDGame/Content/StarterContent/Textures/T_Dust_Particle_D.uasset" 454
"../../../../../../LocalUnrealProjects/repos/2DGame/TwoDGame/Content/StarterContent/Particles/Materials/M_Dust_Particle.uasset" 455
"../../../../../../LocalUnrealProjects/repos/2DGame/TwoDGame/Content/StarterContent/Particles/P_Ambient_Dust.uasset" 456
"../../../../../../LocalUnrealProjects/repos/2DGame/TwoDGame/Content/StarterContent/Textures/T_Wood_Walnut_N.uasset" 457
"../../../../../../LocalUnrealProjects/repos/2DGame/TwoDGame/Content/StarterContent/Textures/T_Wood_Walnut_D.uasset" 458
"../../../../../../LocalUnrealProjects/repos/2DGame/TwoDGame/Content/StarterContent/Materials/M_Wood_Walnut.uasset" 459
"../../../../../../LocalUnrealProjects/repos/2DGame/TwoDGame/Content/StarterContent/Textures/T_Perlin_Noise_M.uasset" 460
"../../../../../../LocalUnrealProjects/repos/2DGame/TwoDGame/Content/StarterContent/Textures/T_Wood_Pine_N.uasset" 461
"../../../../../../LocalUnrealProjects/repos/2DGame/TwoDGame/Content/StarterContent/Textures/T_Wood_Pine_D.uasset" 462
"../../../../../../LocalUnrealProjects/repos/2DGame/TwoDGame/Content/StarterContent/Materials/M_Wood_Pine.uasset" 463
"../../../../../../LocalUnrealProjects/repos/2DGame/TwoDGame/Content/StarterContent/Textures/T_Wood_Oak_N.uasset" 464
"../../../../../../LocalUnrealProjects/repos/2DGame/TwoDGame/Content/StarterContent/Textures/T_Wood_Oak_D.uasset" 465
"../../../../../../LocalUnrealProjects/repos/2DGame/TwoDGame/Content/StarterContent/Materials/M_Wood_Oak.uasset" 466
"../../../Engine/Content/Functions/Engine_MaterialFunctions01/Opacity/AlphaOffset.uasset" 467
"../../../../../../LocalUnrealProjects/repos/2DGame/TwoDGame/Content/StarterContent/Textures/T_Wood_Floor_Walnut_N.uasset" 468
"../../../../../../LocalUnrealProjects/repos/2DGame/TwoDGame/Content/StarterContent/Textures/T_Wood_Floor_Walnut_M.uasset" 469
"../../../../../../LocalUnrealProjects/repos/2DGame/TwoDGame/Content/StarterContent/Textures/T_Wood_Floor_Walnut_D.uasset" 470
"../../../../../../LocalUnrealProjects/repos/2DGame/TwoDGame/Content/StarterContent/Materials/M_Wood_Floor_Walnut_Worn.uasset" 471
"../../../../../../LocalUnrealProjects/repos/2DGame/TwoDGame/Content/StarterContent/Materials/M_Wood_Floor_Walnut_Polished.uasset" 472
"../../../../../../LocalUnrealProjects/repos/2DGame/TwoDGame/Content/StarterContent/Textures/T_Water_M.uasset" 473
"../../../../../../LocalUnrealProjects/repos/2DGame/TwoDGame/Content/StarterContent/Materials/M_Water_Ocean.uasset" 474
"../../../../../../LocalUnrealProjects/repos/2DGame/TwoDGame/Content/StarterContent/Materials/M_Water_Lake.uasset" 475
"../../../../../../LocalUnrealProjects/repos/2DGame/TwoDGame/Content/StarterContent/Textures/T_Metal_Steel_D.uasset" 476
"../../../../../../LocalUnrealProjects/repos/2DGame/TwoDGame/Content/StarterContent/Textures/T_Tech_Panel_N.uasset" 477
"../../../../../../LocalUnrealProjects/repos/2DGame/TwoDGame/Content/StarterContent/Textures/T_Tech_Panel_M.uasset" 478
"../../../../../../LocalUnrealProjects/repos/2DGame/TwoDGame/Content/StarterContent/Materials/M_Tech_Panel.uasset" 479
"../../../../../../LocalUnrealProjects/repos/2DGame/TwoDGame/Content/StarterContent/Textures/T_Tech_Hex_Tile_N.uasset" 480
"../../../../../../LocalUnrealProjects/repos/2DGame/TwoDGame/Content/StarterContent/Textures/T_Tech_Hex_Tile_M.uasset" 481
"../../../../../../LocalUnrealProjects/repos/2DGame/TwoDGame/Content/StarterContent/Materials/M_Tech_Hex_Tile_Pulse.uasset" 482
"../../../../../../LocalUnrealProjects/repos/2DGame/TwoDGame/Content/StarterContent/Materials/M_Tech_Hex_Tile.uasset" 483
"../../../../../../LocalUnrealProjects/repos/2DGame/TwoDGame/Content/StarterContent/Textures/T_Tech_Dot_N.uasset" 484
"../../../../../../LocalUnrealProjects/repos/2DGame/TwoDGame/Content/StarterContent/Textures/T_Tech_Dot_M.uasset" 485
"../../../../../../LocalUnrealProjects/repos/2DGame/TwoDGame/Content/StarterContent/Textures/T_Single_Tile_N.uasset" 486
"../../../../../../LocalUnrealProjects/repos/2DGame/TwoDGame/Content/StarterContent/Textures/T_Checker_Noise_M.uasset" 487
"../../../../../../LocalUnrealProjects/repos/2DGame/TwoDGame/Content/StarterContent/Materials/M_Tech_Checker_Dot.uasset" 488
"../../../../../../LocalUnrealProjects/repos/2DGame/TwoDGame/Content/StarterContent/Textures/T_Rock_Slate_N.uasset" 489
"../../../../../../LocalUnrealProjects/repos/2DGame/TwoDGame/Content/StarterContent/Textures/T_Rock_Slate_D.uasset" 490
"../../../../../../LocalUnrealProjects/repos/2DGame/TwoDGame/Content/StarterContent/Materials/M_Rock_Slate.uasset" 491
"../../../../../../LocalUnrealProjects/repos/2DGame/TwoDGame/Content/StarterContent/Textures/T_Rock_Sandstone_D.uasset" 492
"../../../../../../LocalUnrealProjects/repos/2DGame/TwoDGame/Content/StarterContent/Textures/T_Rock_Sandstone_N.uasset" 493
"../../../../../../LocalUnrealProjects/repos/2DGame/TwoDGame/Content/StarterContent/Materials/M_Rock_Sandstone.uasset" 494
"../../../../../../LocalUnrealProjects/repos/2DGame/TwoDGame/Content/StarterContent/Textures/T_Rock_Marble_Polished_D.uasset" 495
"../../../../../../LocalUnrealProjects/repos/2DGame/TwoDGame/Content/StarterContent/Materials/M_Rock_Marble_Polished.uasset" 496
"../../../../../../LocalUnrealProjects/repos/2DGame/TwoDGame/Content/StarterContent/Textures/T_Rock_Basalt_N.uasset" 497
"../../../../../../LocalUnrealProjects/repos/2DGame/TwoDGame/Content/StarterContent/Materials/M_Rock_Basalt.uasset" 498
"../../../../../../LocalUnrealProjects/repos/2DGame/TwoDGame/Content/StarterContent/Textures/T_Metal_Steel_N.uasset" 499
"../../../../../../LocalUnrealProjects/repos/2DGame/TwoDGame/Content/StarterContent/Materials/M_Metal_Steel.uasset" 500
"../../../../../../LocalUnrealProjects/repos/2DGame/TwoDGame/Content/StarterContent/Textures/T_Metal_Rust_D.uasset" 501
"../../../../../../LocalUnrealProjects/repos/2DGame/TwoDGame/Content/StarterContent/Textures/T_Metal_Rust_N.uasset" 502
"../../../../../../LocalUnrealProjects/repos/2DGame/TwoDGame/Content/StarterContent/Materials/M_Metal_Rust.uasset" 503
"../../../../../../LocalUnrealProjects/repos/2DGame/TwoDGame/Content/StarterContent/Textures/T_Metal_Gold_D.uasset" 504
"../../../../../../LocalUnrealProjects/repos/2DGame/TwoDGame/Content/StarterContent/Materials/M_Metal_Gold.uasset" 505
"../../../../../../LocalUnrealProjects/repos/2DGame/TwoDGame/Content/StarterContent/Materials/M_Metal_Chrome.uasset" 506
"../../../../../../LocalUnrealProjects/repos/2DGame/TwoDGame/Content/StarterContent/Textures/T_Ground_Moss_N.uasset" 507
"../../../../../../LocalUnrealProjects/repos/2DGame/TwoDGame/Content/StarterContent/Textures/T_ground_Moss_D.uasset" 508
"../../../../../../LocalUnrealProjects/repos/2DGame/TwoDGame/Content/StarterContent/Materials/M_Ground_Moss.uasset" 509
"../../../../../../LocalUnrealProjects/repos/2DGame/TwoDGame/Content/StarterContent/Textures/T_Ground_Gravel_N.uasset" 510
"../../../../../../LocalUnrealProjects/repos/2DGame/TwoDGame/Content/StarterContent/Textures/T_Ground_Gravel_D.uasset" 511
"../../../../../../LocalUnrealProjects/repos/2DGame/TwoDGame/Content/StarterContent/Materials/M_Ground_Gravel.uasset" 512
"../../../../../../LocalUnrealProjects/repos/2DGame/TwoDGame/Content/StarterContent/Textures/T_Ground_Grass_N.uasset" 513
"../../../../../../LocalUnrealProjects/repos/2DGame/TwoDGame/Content/StarterContent/Textures/T_Ground_Grass_D.uasset" 514
"../../../../../../LocalUnrealProjects/repos/2DGame/TwoDGame/Content/StarterContent/Materials/M_Ground_Grass.uasset" 515
"../../../../../../LocalUnrealProjects/repos/2DGame/TwoDGame/Content/StarterContent/Textures/T_Concrete_Tiles_Variation_M.uasset" 516
"../../../../../../LocalUnrealProjects/repos/2DGame/TwoDGame/Content/StarterContent/Textures/T_Concrete_Tiles_N.uasset" 517
"../../../../../../LocalUnrealProjects/repos/2DGame/TwoDGame/Content/StarterContent/Textures/T_Concrete_Tiles_M.uasset" 518
"../../../../../../LocalUnrealProjects/repos/2DGame/TwoDGame/Content/StarterContent/Textures/T_Concrete_Tiles_D.uasset" 519
"../../../../../../LocalUnrealProjects/repos/2DGame/TwoDGame/Content/StarterContent/Materials/M_Concrete_Tiles.uasset" 520
"../../../../../../LocalUnrealProjects/repos/2DGame/TwoDGame/Content/StarterContent/Textures/T_Concrete_Panels_N.uasset" 521
"../../../../../../LocalUnrealProjects/repos/2DGame/TwoDGame/Content/StarterContent/Textures/T_Concrete_Panels_D.uasset" 522
"../../../../../../LocalUnrealProjects/repos/2DGame/TwoDGame/Content/StarterContent/Materials/M_Concrete_Panels.uasset" 523
"../../../../../../LocalUnrealProjects/repos/2DGame/TwoDGame/Content/StarterContent/Textures/T_Concrete_Grime_D.uasset" 524
"../../../../../../LocalUnrealProjects/repos/2DGame/TwoDGame/Content/StarterContent/Materials/M_Concrete_Grime.uasset" 525
"../../../../../../LocalUnrealProjects/repos/2DGame/TwoDGame/Content/StarterContent/Textures/T_CobbleStone_Smooth_N.uasset" 526
"../../../../../../LocalUnrealProjects/repos/2DGame/TwoDGame/Content/StarterContent/Textures/T_CobbleStone_Smooth_M.uasset" 527
"../../../../../../LocalUnrealProjects/repos/2DGame/TwoDGame/Content/StarterContent/Textures/T_CobbleStone_Smooth_D.uasset" 528
"../../../../../../LocalUnrealProjects/repos/2DGame/TwoDGame/Content/StarterContent/Textures/T_Rock_Smooth_Granite_D.uasset" 529
"../../../../../../LocalUnrealProjects/repos/2DGame/TwoDGame/Content/StarterContent/Textures/T_Gradinet_01.uasset" 530
"../../../../../../LocalUnrealProjects/repos/2DGame/TwoDGame/Content/StarterContent/Materials/M_CobbleStone_Smooth.uasset" 531
"../../../../../../LocalUnrealProjects/repos/2DGame/TwoDGame/Content/StarterContent/Textures/T_CobbleStone_Rough_N.uasset" 532
"../../../../../../LocalUnrealProjects/repos/2DGame/TwoDGame/Content/StarterContent/Textures/T_CobbleStone_Rough_D.uasset" 533
"../../../../../../LocalUnrealProjects/repos/2DGame/TwoDGame/Content/StarterContent/Materials/M_CobbleStone_Rough.uasset" 534
"../../../../../../LocalUnrealProjects/repos/2DGame/TwoDGame/Content/StarterContent/Textures/T_CobbleStone_Pebble_N.uasset" 535
"../../../../../../LocalUnrealProjects/repos/2DGame/TwoDGame/Content/StarterContent/Textures/T_CobbleStone_Pebble_M.uasset" 536
"../../../../../../LocalUnrealProjects/repos/2DGame/TwoDGame/Content/StarterContent/Textures/T_CobbleStone_Pebble_D.uasset" 537
"../../../../../../LocalUnrealProjects/repos/2DGame/TwoDGame/Content/StarterContent/Materials/M_CobbleStone_Pebble.uasset" 538
"../../../../../../LocalUnrealProjects/repos/2DGame/TwoDGame/Content/StarterContent/Textures/T_Ceramic_Tile_N.uasset" 539
"../../../../../../LocalUnrealProjects/repos/2DGame/TwoDGame/Content/StarterContent/Textures/T_Ceramic_Tile_M.uasset" 540
"../../../../../../LocalUnrealProjects/repos/2DGame/TwoDGame/Content/StarterContent/Materials/M_Ceramic_Tile_Checker.uasset" 541
"../../../../../../LocalUnrealProjects/repos/2DGame/TwoDGame/Content/StarterContent/Textures/T_Brick_Hewn_Stone_N.uasset" 542
"../../../../../../LocalUnrealProjects/repos/2DGame/TwoDGame/Content/StarterContent/Textures/T_Brick_Hewn_Stone_M.uasset" 543
"../../../../../../LocalUnrealProjects/repos/2DGame/TwoDGame/Content/StarterContent/Textures/T_Brick_Hewn_Stone_D.uasset" 544
"../../../../../../LocalUnrealProjects/repos/2DGame/TwoDGame/Content/StarterContent/Materials/M_Brick_Hewn_Stone.uasset" 545
"../../../../../../LocalUnrealProjects/repos/2DGame/TwoDGame/Content/StarterContent/Textures/T_Brick_Cut_Stone_N.uasset" 546
"../../../../../../LocalUnrealProjects/repos/2DGame/TwoDGame/Content/StarterContent/Textures/T_Brick_Cut_Stone_D.uasset" 547
"../../../../../../LocalUnrealProjects/repos/2DGame/TwoDGame/Content/StarterContent/Materials/M_Brick_Cut_Stone.uasset" 548
"../../../../../../LocalUnrealProjects/repos/2DGame/TwoDGame/Content/StarterContent/Textures/T_Brick_Clay_Old_N.uasset" 549
"../../../../../../LocalUnrealProjects/repos/2DGame/TwoDGame/Content/StarterContent/Textures/T_Brick_Clay_Old_D.uasset" 550
"../../../../../../LocalUnrealProjects/repos/2DGame/TwoDGame/Content/StarterContent/Materials/M_Brick_Clay_Old.uasset" 551
"../../../../../../LocalUnrealProjects/repos/2DGame/TwoDGame/Content/StarterContent/Textures/T_Brick_Clay_New_N.uasset" 552
"../../../../../../LocalUnrealProjects/repos/2DGame/TwoDGame/Content/StarterContent/Textures/T_Brick_Clay_New_M.uasset" 553
"../../../../../../LocalUnrealProjects/repos/2DGame/TwoDGame/Content/StarterContent/Textures/T_Brick_Clay_New_D.uasset" 554
"../../../../../../LocalUnrealProjects/repos/2DGame/TwoDGame/Content/StarterContent/Materials/M_Brick_Clay_New.uasset" 555
"../../../../../../LocalUnrealProjects/repos/2DGame/TwoDGame/Content/StarterContent/Textures/T_Brick_Clay_Beveled_N.uasset" 556
"../../../../../../LocalUnrealProjects/repos/2DGame/TwoDGame/Content/StarterContent/Textures/T_Brick_Clay_Beveled_M.uasset" 557
"../../../../../../LocalUnrealProjects/repos/2DGame/TwoDGame/Content/StarterContent/Textures/T_Brick_Clay_Beveled_D.uasset" 558
"../../../../../../LocalUnrealProjects/repos/2DGame/TwoDGame/Content/StarterContent/Materials/M_Brick_Clay_Beveled.uasset" 559
"../../../Engine/Content/Functions/Engine_MaterialFunctions03/Procedurals/ComputeFilterWidth.uasset" 560
"../../../Engine/Content/EngineMaterials/AntiAliasedTextMaterialTranslucent.uasset" 561
"../../../../../../LocalUnrealProjects/repos/2DGame/TwoDGame/Content/StarterContent/Maps/StarterMap_BuiltData.uasset" 562
"../../../../../../LocalUnrealProjects/repos/2DGame/TwoDGame/Content/StarterContent/Textures/T_Concrete_Poured_N.uasset" 563
"../../../../../../LocalUnrealProjects/repos/2DGame/TwoDGame/Content/StarterContent/Textures/T_Concrete_Poured_D.uasset" 564
"../../../../../../LocalUnrealProjects/repos/2DGame/TwoDGame/Content/StarterContent/Materials/M_Concrete_Poured.uasset" 565
"../../../../../../LocalUnrealProjects/repos/2DGame/TwoDGame/Content/StarterContent/Textures/T_Lamp_N.uasset" 566
"../../../../../../LocalUnrealProjects/repos/2DGame/TwoDGame/Content/StarterContent/Textures/T_Lamp_M.uasset" 567
"../../../../../../LocalUnrealProjects/repos/2DGame/TwoDGame/Content/StarterContent/Props/Materials/M_Lamp.uasset" 568
"../../../../../../LocalUnrealProjects/repos/2DGame/TwoDGame/Content/StarterContent/Props/SM_Lamp_Wall.uasset" 569
"../../../../../../LocalUnrealProjects/repos/2DGame/TwoDGame/Content/StarterContent/Blueprints/Blueprint_WallSconce.uasset" 570
"../../../../../../LocalUnrealProjects/repos/2DGame/TwoDGame/Content/StarterContent/Particles/P_Steam_Lit.uasset" 571
"../../../../../../LocalUnrealProjects/repos/2DGame/TwoDGame/Content/StarterContent/Audio/Steam01_Cue.uasset" 572
"../../../../../../LocalUnrealProjects/repos/2DGame/TwoDGame/Content/StarterContent/Blueprints/Blueprint_Effect_Steam.uasset" 573
"../../../../../../LocalUnrealProjects/repos/2DGame/TwoDGame/Content/StarterContent/Textures/T_Spark_Core.uasset" 574
"../../../../../../LocalUnrealProjects/repos/2DGame/TwoDGame/Content/StarterContent/Particles/Materials/M_Spark.uasset" 575
"../../../../../../LocalUnrealProjects/repos/2DGame/TwoDGame/Content/StarterContent/Particles/P_Sparks.uasset" 576
"../../../../../../LocalUnrealProjects/repos/2DGame/TwoDGame/Content/StarterContent/Audio/Fire_Sparks01_Cue.uasset" 577
"../../../../../../LocalUnrealProjects/repos/2DGame/TwoDGame/Content/StarterContent/Blueprints/Blueprint_Effect_Sparks.uasset" 578
"../../../../../../LocalUnrealProjects/repos/2DGame/TwoDGame/Content/StarterContent/Particles/P_Smoke.uasset" 579
"../../../../../../LocalUnrealProjects/repos/2DGame/TwoDGame/Content/StarterContent/Audio/Smoke01_Cue.uasset" 580
"../../../../../../LocalUnrealProjects/repos/2DGame/TwoDGame/Content/StarterContent/Blueprints/Blueprint_Effect_Smoke.uasset" 581
"../../../../../../LocalUnrealProjects/repos/2DGame/TwoDGame/Content/StarterContent/Audio/Fire01_Cue.uasset" 582
"../../../../../../LocalUnrealProjects/repos/2DGame/TwoDGame/Content/StarterContent/Blueprints/Blueprint_Effect_Fire.uasset" 583
"../../../../../../LocalUnrealProjects/repos/2DGame/TwoDGame/Content/StarterContent/Props/SM_Lamp_Ceiling.uasset" 584
"../../../../../../LocalUnrealProjects/repos/2DGame/TwoDGame/Content/StarterContent/Blueprints/Blueprint_CeilingLight.uasset" 585
"../../../../../../LocalUnrealProjects/repos/2DGame/TwoDGame/Content/StarterContent/Audio/Starter_Music_Cue.uasset" 586
"../../../../../../LocalUnrealProjects/repos/2DGame/TwoDGame/Content/StarterContent/Audio/Collapse_Cue.uasset" 587
"../../../../../../LocalUnrealProjects/repos/2DGame/TwoDGame/Content/StarterContent/Architecture/Wall_Window_400x300.uasset" 588
"../../../../../../LocalUnrealProjects/repos/2DGame/TwoDGame/Content/StarterContent/Architecture/Wall_Door_400x300.uasset" 589
"../../../../../../LocalUnrealProjects/repos/2DGame/TwoDGame/Content/StarterContent/Architecture/Wall_400x200.uasset" 590
"../../../../../../LocalUnrealProjects/repos/2DGame/TwoDGame/Content/StarterContent/Maps/StarterMap.umap" 591
"../../../Engine/Content/Maps/Entry_BuiltData.uasset" 592
"../../../Engine/Content/Maps/Entry.umap" 593
